Running QPA Simulation for N=7 on node1616
--- Starting Simulation: N=7, k=1, Workers=20 ---
Generating sample circuit diagram...
[+] Saved circuit diagram to results_hybrid_scaling/k1_ntrials4/circuit_n7.pdf
   [N=7] Lambda=0.00 -> Fidelity=1.0000
   [N=7] Lambda=0.04 -> Fidelity=0.9962
   [N=7] Lambda=0.08 -> Fidelity=0.9920
   [N=7] Lambda=0.12 -> Fidelity=0.9864
   [N=7] Lambda=0.17 -> Fidelity=0.9804
   [N=7] Lambda=0.21 -> Fidelity=0.9720
   [N=7] Lambda=0.25 -> Fidelity=0.9628
   [N=7] Lambda=0.29 -> Fidelity=0.9524
   [N=7] Lambda=0.33 -> Fidelity=0.9404
   [N=7] Lambda=0.38 -> Fidelity=0.9259
   [N=7] Lambda=0.42 -> Fidelity=0.9096
   [N=7] Lambda=0.46 -> Fidelity=0.8886
   [N=7] Lambda=0.50 -> Fidelity=0.8709
   [N=7] Lambda=0.54 -> Fidelity=0.8478
   [N=7] Lambda=0.58 -> Fidelity=0.8217
   [N=7] Lambda=0.62 -> Fidelity=0.7986
   [N=7] Lambda=0.67 -> Fidelity=0.7706
   [N=7] Lambda=0.71 -> Fidelity=0.7401
   [N=7] Lambda=0.75 -> Fidelity=0.7071
   [N=7] Lambda=0.79 -> Fidelity=0.6738
   [N=7] Lambda=0.83 -> Fidelity=0.6393
   [N=7] Lambda=0.88 -> Fidelity=0.6079
   [N=7] Lambda=0.92 -> Fidelity=0.5704
   [N=7] Lambda=0.96 -> Fidelity=0.5367
   [N=7] Lambda=1.00 -> Fidelity=0.4989
[+] Saved results to results_hybrid_scaling/k1_ntrials4/data_n7.csv
Finished N=7
