Running QPA Simulation for N=7 on node3111
--- Starting Simulation: N=7, k=2, Workers=20 ---
Generating sample circuit diagram...
[+] Saved circuit diagram to results_hybrid_scaling/k2_ntrials3/circuit_n7.pdf
   [N=7] Lambda=0.00 -> Fidelity=1.0000
   [N=7] Lambda=0.04 -> Fidelity=0.9937
   [N=7] Lambda=0.08 -> Fidelity=0.9866
   [N=7] Lambda=0.12 -> Fidelity=0.9762
   [N=7] Lambda=0.17 -> Fidelity=0.9650
   [N=7] Lambda=0.21 -> Fidelity=0.9518
   [N=7] Lambda=0.25 -> Fidelity=0.9366
   [N=7] Lambda=0.29 -> Fidelity=0.9164
   [N=7] Lambda=0.33 -> Fidelity=0.8925
   [N=7] Lambda=0.38 -> Fidelity=0.8690
   [N=7] Lambda=0.42 -> Fidelity=0.8403
   [N=7] Lambda=0.46 -> Fidelity=0.8086
   [N=7] Lambda=0.50 -> Fidelity=0.7756
   [N=7] Lambda=0.54 -> Fidelity=0.7396
   [N=7] Lambda=0.58 -> Fidelity=0.7008
   [N=7] Lambda=0.62 -> Fidelity=0.6577
   [N=7] Lambda=0.67 -> Fidelity=0.6121
   [N=7] Lambda=0.71 -> Fidelity=0.5686
   [N=7] Lambda=0.75 -> Fidelity=0.5211
   [N=7] Lambda=0.79 -> Fidelity=0.4784
   [N=7] Lambda=0.83 -> Fidelity=0.4276
   [N=7] Lambda=0.88 -> Fidelity=0.3837
   [N=7] Lambda=0.92 -> Fidelity=0.3375
   [N=7] Lambda=0.96 -> Fidelity=0.2924
   [N=7] Lambda=1.00 -> Fidelity=0.2510
[+] Saved results to results_hybrid_scaling/k2_ntrials3/data_n7.csv
Finished N=7
