Running QPA Simulation for N=5 on node1616
--- Starting Simulation: N=5, k=1, Workers=40 ---
Generating sample circuit diagram...
[+] Saved circuit diagram to results_hybrid_scaling/k1_ntrials4/circuit_n5.pdf
   [N=5] Lambda=0.00 -> Fidelity=1.0000
   [N=5] Lambda=0.04 -> Fidelity=0.9952
   [N=5] Lambda=0.08 -> Fidelity=0.9885
   [N=5] Lambda=0.12 -> Fidelity=0.9818
   [N=5] Lambda=0.17 -> Fidelity=0.9721
   [N=5] Lambda=0.21 -> Fidelity=0.9613
   [N=5] Lambda=0.25 -> Fidelity=0.9483
   [N=5] Lambda=0.29 -> Fidelity=0.9347
   [N=5] Lambda=0.33 -> Fidelity=0.9215
   [N=5] Lambda=0.38 -> Fidelity=0.9013
   [N=5] Lambda=0.42 -> Fidelity=0.8826
   [N=5] Lambda=0.46 -> Fidelity=0.8625
   [N=5] Lambda=0.50 -> Fidelity=0.8403
   [N=5] Lambda=0.54 -> Fidelity=0.8169
   [N=5] Lambda=0.58 -> Fidelity=0.7941
   [N=5] Lambda=0.62 -> Fidelity=0.7689
   [N=5] Lambda=0.67 -> Fidelity=0.7411
   [N=5] Lambda=0.71 -> Fidelity=0.7147
   [N=5] Lambda=0.75 -> Fidelity=0.6839
   [N=5] Lambda=0.79 -> Fidelity=0.6559
   [N=5] Lambda=0.83 -> Fidelity=0.6257
   [N=5] Lambda=0.88 -> Fidelity=0.5936
   [N=5] Lambda=0.92 -> Fidelity=0.5658
   [N=5] Lambda=0.96 -> Fidelity=0.5321
   [N=5] Lambda=1.00 -> Fidelity=0.5011
[+] Saved results to results_hybrid_scaling/k1_ntrials4/data_n5.csv
Finished N=5
