Running QPA Simulation for N=5 on node3111
--- Starting Simulation: N=5, k=2, Workers=40 ---
Generating sample circuit diagram...
[+] Saved circuit diagram to results_hybrid_scaling/k2_ntrials4/circuit_n5.pdf
   [N=5] Lambda=0.00 -> Fidelity=1.0000
   [N=5] Lambda=0.04 -> Fidelity=0.9922
   [N=5] Lambda=0.08 -> Fidelity=0.9824
   [N=5] Lambda=0.12 -> Fidelity=0.9698
   [N=5] Lambda=0.17 -> Fidelity=0.9541
   [N=5] Lambda=0.21 -> Fidelity=0.9362
   [N=5] Lambda=0.25 -> Fidelity=0.9138
   [N=5] Lambda=0.29 -> Fidelity=0.8911
   [N=5] Lambda=0.33 -> Fidelity=0.8667
   [N=5] Lambda=0.38 -> Fidelity=0.8369
   [N=5] Lambda=0.42 -> Fidelity=0.8063
   [N=5] Lambda=0.46 -> Fidelity=0.7739
   [N=5] Lambda=0.50 -> Fidelity=0.7390
   [N=5] Lambda=0.54 -> Fidelity=0.7021
   [N=5] Lambda=0.58 -> Fidelity=0.6629
   [N=5] Lambda=0.62 -> Fidelity=0.6233
   [N=5] Lambda=0.67 -> Fidelity=0.5831
   [N=5] Lambda=0.71 -> Fidelity=0.5414
   [N=5] Lambda=0.75 -> Fidelity=0.4977
   [N=5] Lambda=0.79 -> Fidelity=0.4563
   [N=5] Lambda=0.83 -> Fidelity=0.4141
   [N=5] Lambda=0.88 -> Fidelity=0.3694
   [N=5] Lambda=0.92 -> Fidelity=0.3304
   [N=5] Lambda=0.96 -> Fidelity=0.2882
   [N=5] Lambda=1.00 -> Fidelity=0.2498
[+] Saved results to results_hybrid_scaling/k2_ntrials4/data_n5.csv
Finished N=5
